#
# There is insufficient memory for the Java Runtime Environment to continue.
# Native memory allocation (malloc) failed to allocate 32744 bytes for ChunkPool::allocate
# Possible reasons:
#   The system is out of physical RAM or swap space
#   In 32 bit mode, the process size limit was hit
# Possible solutions:
#   Reduce memory load on the system
#   Increase physical memory or swap space
#   Check if swap backing store is full
#   Use 64 bit Java on a 64 bit OS
#   Decrease Java heap size (-Xmx/-Xms)
#   Decrease number of Java threads
#   Decrease Java thread stack sizes (-Xss)
#   Set larger code cache with -XX:ReservedCodeCacheSize=
# This output file may be truncated or incomplete.
#
#  Out of Memory Error (allocation.cpp:273), pid=13156, tid=0x000000000000462c
#
# JRE version: Java(TM) SE Runtime Environment (8.0_144-b01) (build 1.8.0_144-b01)
# Java VM: Java HotSpot(TM) 64-Bit Server VM (25.144-b01 mixed mode windows-amd64 compressed oops)
# Failed to write core dump. Minidumps are not enabled by default on client versions of Windows
#

---------------  T H R E A D  ---------------

Current thread (0x0000000019e75000):  JavaThread "C2 CompilerThread1" daemon [_thread_in_native, id=17964, stack(0x000000001b5c0000,0x000000001b6c0000)]

Stack: [0x000000001b5c0000,0x000000001b6c0000]
[error occurred during error reporting (printing stack bounds), id 0xc0000005]

Native frames: (J=compiled Java code, j=interpreted, Vv=VM code, C=native code)


Current CompileTask:
C2: 338011  837       4       java.lang.String::replace (127 bytes)


---------------  P R O C E S S  ---------------

Java Threads: ( => current thread )
  0x000000001c558800 JavaThread "TimerQueue" daemon [_thread_blocked, id=24596, stack(0x000000001ea70000,0x000000001eb70000)]
  0x000000000521d800 JavaThread "DestroyJavaVM" [_thread_blocked, id=19868, stack(0x0000000005080000,0x0000000005180000)]
  0x000000001c342000 JavaThread "AWT-EventQueue-0" [_thread_blocked, id=7928, stack(0x000000001d430000,0x000000001d530000)]
  0x000000001c2bd800 JavaThread "AWT-Windows" daemon [_thread_in_native, id=25116, stack(0x000000001cbb0000,0x000000001ccb0000)]
  0x000000001bbbe000 JavaThread "AWT-Shutdown" [_thread_blocked, id=15784, stack(0x000000001cab0000,0x000000001cbb0000)]
  0x000000001bbb9800 JavaThread "Java2D Disposer" daemon [_thread_blocked, id=6868, stack(0x000000001c1b0000,0x000000001c2b0000)]
  0x0000000019ecc800 JavaThread "Service Thread" daemon [_thread_blocked, id=9784, stack(0x000000001bbc0000,0x000000001bcc0000)]
  0x0000000019e9d000 JavaThread "C1 CompilerThread2" daemon [_thread_blocked, id=14508, stack(0x000000001b6c0000,0x000000001b7c0000)]
=>0x0000000019e75000 JavaThread "C2 CompilerThread1" daemon [_thread_in_native, id=17964, stack(0x000000001b5c0000,0x000000001b6c0000)]
  0x0000000019e6e000 JavaThread "C2 CompilerThread0" daemon [_thread_blocked, id=10252, stack(0x000000001b4c0000,0x000000001b5c0000)]
  0x0000000019e6c000 JavaThread "Attach Listener" daemon [_thread_blocked, id=17212, stack(0x000000001b3c0000,0x000000001b4c0000)]
  0x0000000019e6b000 JavaThread "Signal Dispatcher" daemon [_thread_blocked, id=18008, stack(0x000000001b2c0000,0x000000001b3c0000)]
  0x0000000019e59800 JavaThread "Finalizer" daemon [_thread_blocked, id=17792, stack(0x000000001b0c0000,0x000000001b1c0000)]
  0x0000000005311000 JavaThread "Reference Handler" daemon [_thread_blocked, id=11000, stack(0x000000001afc0000,0x000000001b0c0000)]

Other Threads:
  0x0000000019e37000 VMThread [stack: 0x000000001aec0000,0x000000001afc0000] [id=14464]
  0x000000001b7f3800 WatcherThread [stack: 0x000000001c0b0000,0x000000001c1b0000] [id=6896]

VM state:not at safepoint (normal execution)

VM Mutex/Monitor currently owned by a thread: None

Heap:
 PSYoungGen      total 38400K, used 16282K [0x00000000d5d80000, 0x00000000d8800000, 0x0000000100000000)
  eden space 33280K, 48% used [0x00000000d5d80000,0x00000000d6d66a88,0x00000000d7e00000)
  from space 5120K, 0% used [0x00000000d8300000,0x00000000d8300000,0x00000000d8800000)
  to   space 5120K, 0% used [0x00000000d7e00000,0x00000000d7e00000,0x00000000d8300000)
 ParOldGen       total 87552K, used 0K [0x0000000081800000, 0x0000000086d80000, 0x00000000d5d80000)
  object space 87552K, 0% used [0x0000000081800000,0x0000000081800000,0x0000000086d80000)
 Metaspace       used 13102K, capacity 13338K, committed 13568K, reserved 1060864K
  class space    used 1647K, capacity 1715K, committed 1792K, reserved 1048576K

Card table byte_map: [0x00000000146e0000,0x0000000014ae0000] byte_map_base: 0x00000000142d4000

Marking Bits: (ParMarkBitMap*) 0x000000007381d850
 Begin Bits: [0x0000000015190000, 0x0000000017130000)
 End Bits:   [0x0000000017130000, 0x00000000190d0000)

Polling page: 0x00000000033e0000

CodeCache: size=245760Kb used=2909Kb max_used=2909Kb free=242850Kb
 bounds [0x0000000005320000, 0x0000000005600000, 0x0000000014320000]
 total_blobs=1351 nmethods=839 adapters=425
 compilation: enabled

Compilation events (10 events):
Event: 337.807 Thread 0x0000000019e9d000  832       3       java.lang.invoke.MemberName::isResolved (13 bytes)
Event: 337.807 Thread 0x0000000019e9d000 nmethod 832 0x00000000055f4110 code [0x00000000055f4260, 0x00000000055f4410]
Event: 337.807 Thread 0x0000000019e9d000  834       3       java.lang.invoke.LambdaForm::internArgument (84 bytes)
Event: 337.808 Thread 0x0000000019e9d000 nmethod 834 0x00000000055f4490 code [0x00000000055f4620, 0x00000000055f4a88]
Event: 337.809 Thread 0x0000000019e9d000  835       3       jdk.internal.org.objectweb.asm.AnnotationWriter::<init> (34 bytes)
Event: 337.810 Thread 0x0000000019e9d000 nmethod 835 0x00000000055f4d10 code [0x00000000055f4e80, 0x00000000055f5108]
Event: 337.810 Thread 0x0000000019e9d000  836       3       jdk.internal.org.objectweb.asm.AnnotationWriter::visitEnd (43 bytes)
Event: 337.811 Thread 0x0000000019e75000  837       4       java.lang.String::replace (127 bytes)
Event: 337.811 Thread 0x0000000019e9d000 nmethod 836 0x00000000055f5210 code [0x00000000055f5380, 0x00000000055f5570]
Event: 337.811 Thread 0x0000000019e9d000  838       3       jdk.internal.org.objectweb.asm.MethodWriter::visitAnnotation (82 bytes)

GC Heap History (0 events):
No events

Deoptimization events (4 events):
Event: 1.169 Thread 0x000000001c342000 Uncommon trap: reason=unstable_if action=reinterpret pc=0x000000000559a7ec method=java.awt.image.AreaAveragingScaleFilter.accumPixels(IIIILjava/awt/image/ColorModel;Ljava/lang/Object;II)V @ 280
Event: 4.441 Thread 0x000000001c342000 Uncommon trap: reason=class_check action=maybe_recompile pc=0x0000000005492668 method=java.lang.String.equals(Ljava/lang/Object;)Z @ 8
Event: 4.442 Thread 0x000000001c342000 Uncommon trap: reason=class_check action=maybe_recompile pc=0x0000000005492668 method=java.lang.String.equals(Ljava/lang/Object;)Z @ 8
Event: 4.442 Thread 0x000000001c342000 Uncommon trap: reason=class_check action=maybe_recompile pc=0x0000000005492668 method=java.lang.String.equals(Ljava/lang/Object;)Z @ 8

Internal exceptions (10 events):
Event: 0.549 Thread 0x000000000521d800 Exception <a 'java/lang/NoSuchFieldError': method resolution failed> (0x00000000d5facb70) thrown at [C:\re\workspace\8-2-build-windows-amd64-cygwin\jdk8u144\9417\hotspot\src\share\vm\prims\methodHandles.cpp, line 1146]
Event: 0.551 Thread 0x000000000521d800 Exception <a 'java/lang/NoSuchFieldError': method resolution failed> (0x00000000d5fb9f40) thrown at [C:\re\workspace\8-2-build-windows-amd64-cygwin\jdk8u144\9417\hotspot\src\share\vm\prims\methodHandles.cpp, line 1146]
Event: 0.703 Thread 0x000000000521d800 Exception <a 'java/io/FileNotFoundException'> (0x00000000d616eb20) thrown at [C:\re\workspace\8-2-build-windows-amd64-cygwin\jdk8u144\9417\hotspot\src\share\vm\prims\jni.cpp, line 709]
Event: 0.847 Thread 0x000000000521d800 Exception <a 'java/lang/ClassNotFoundException': java/lang/ObjectCustomizer> (0x00000000d655fc80) thrown at [C:\re\workspace\8-2-build-windows-amd64-cygwin\jdk8u144\9417\hotspot\src\share\vm\classfile\systemDictionary.cpp, line 210]
Event: 0.849 Thread 0x000000000521d800 Exception <a 'java/lang/ArrayIndexOutOfBoundsException': 18> (0x00000000d65626e0) thrown at [C:\re\workspace\8-2-build-windows-amd64-cygwin\jdk8u144\9417\hotspot\src\share\vm\interpreter\interpreterRuntime.cpp, line 366]
Event: 0.850 Thread 0x000000000521d800 Exception <a 'java/lang/ArrayIndexOutOfBoundsException': 22> (0x00000000d6565858) thrown at [C:\re\workspace\8-2-build-windows-amd64-cygwin\jdk8u144\9417\hotspot\src\share\vm\interpreter\interpreterRuntime.cpp, line 366]
Event: 0.851 Thread 0x000000000521d800 Exception <a 'java/lang/ArrayIndexOutOfBoundsException': 160> (0x00000000d6567a48) thrown at [C:\re\workspace\8-2-build-windows-amd64-cygwin\jdk8u144\9417\hotspot\src\share\vm\interpreter\interpreterRuntime.cpp, line 366]
Event: 0.855 Thread 0x000000000521d800 Exception <a 'java/lang/ClassNotFoundException': net/miginfocom/layout/UnitValueCustomizer> (0x00000000d656df30) thrown at [C:\re\workspace\8-2-build-windows-amd64-cygwin\jdk8u144\9417\hotspot\src\share\vm\classfile\systemDictionary.cpp, line 210]
Event: 0.861 Thread 0x000000000521d800 Exception <a 'java/lang/ClassNotFoundException': java/lang/ObjectCustomizer> (0x00000000d658aeb0) thrown at [C:\re\workspace\8-2-build-windows-amd64-cygwin\jdk8u144\9417\hotspot\src\share\vm\classfile\systemDictionary.cpp, line 210]
Event: 0.864 Thread 0x000000000521d800 Exception <a 'java/lang/ClassNotFoundException': net/miginfocom/layout/BoundSizeCustomizer> (0x00000000d6592bd8) thrown at [C:\re\workspace\8-2-build-windows-amd64-cygwin\jdk8u144\9417\hotspot\src\share\vm\classfile\systemDictionary.cpp, line 210]

Events (10 events):
Event: 4.442 loading class java/awt/KeyboardFocusManager$2
Event: 4.442 loading class java/awt/KeyboardFocusManager$2 done
Event: 4.443 loading class sun/awt/SunToolkit$1
Event: 4.443 loading class sun/awt/SunToolkit$1 done
Event: 4.448 loading class java/awt/Window$1DisposeAction
Event: 4.448 loading class java/awt/Window$1DisposeAction done
Event: 4.449 loading class java/awt/LightweightDispatcher$2
Event: 4.449 loading class java/awt/LightweightDispatcher$2 done
Event: 5.965 Thread 0x000000001c2e2000 Thread exited: 0x000000001c2e2000
Event: 8.108 Thread 0x000000001c2c0000 Thread exited: 0x000000001c2c0000


Dynamic libraries:
0x00007ff698330000 - 0x00007ff698367000 	C:\Program Files\Java\jre1.8.0_144\bin\javaw.exe
0x00007ffbd5e00000 - 0x00007ffbd5fe0000 	C:\WINDOWS\SYSTEM32\ntdll.dll
0x00007ffbd35a0000 - 0x00007ffbd364e000 	C:\WINDOWS\System32\KERNEL32.DLL
0x00007ffbd2760000 - 0x00007ffbd29c6000 	C:\WINDOWS\System32\KERNELBASE.dll
0x00007ffbd3650000 - 0x00007ffbd36f1000 	C:\WINDOWS\System32\ADVAPI32.dll
0x00007ffbd3500000 - 0x00007ffbd359d000 	C:\WINDOWS\System32\msvcrt.dll
0x00007ffbd3cc0000 - 0x00007ffbd3d1b000 	C:\WINDOWS\System32\sechost.dll
0x00007ffbd42c0000 - 0x00007ffbd43df000 	C:\WINDOWS\System32\RPCRT4.dll
0x00007ffbd5990000 - 0x00007ffbd5b1f000 	C:\WINDOWS\System32\USER32.dll
0x00007ffbd2740000 - 0x00007ffbd2760000 	C:\WINDOWS\System32\win32u.dll
0x00007ffbd4290000 - 0x00007ffbd42b8000 	C:\WINDOWS\System32\GDI32.dll
0x00007ffbd2200000 - 0x00007ffbd2393000 	C:\WINDOWS\System32\gdi32full.dll
0x00007ffbd3230000 - 0x00007ffbd32cb000 	C:\WINDOWS\System32\msvcp_win.dll
0x00007ffbd23a0000 - 0x00007ffbd2496000 	C:\WINDOWS\System32\ucrtbase.dll
0x00007ffbc97d0000 - 0x00007ffbc9a39000 	C:\WINDOWS\WinSxS\amd64_microsoft.windows.common-controls_6595b64144ccf1df_6.0.16299.192_none_15c8cdae9364c23b\COMCTL32.dll
0x00007ffbd3f80000 - 0x00007ffbd4288000 	C:\WINDOWS\System32\combase.dll
0x00007ffbd2670000 - 0x00007ffbd26e2000 	C:\WINDOWS\System32\bcryptPrimitives.dll
0x00007ffbd34d0000 - 0x00007ffbd34fd000 	C:\WINDOWS\System32\IMM32.DLL
0x0000000072e40000 - 0x0000000072f12000 	C:\Program Files\Java\jre1.8.0_144\bin\msvcr100.dll
0x0000000073000000 - 0x000000007389d000 	C:\Program Files\Java\jre1.8.0_144\bin\server\jvm.dll
0x00007ffbd5d60000 - 0x00007ffbd5d68000 	C:\WINDOWS\System32\PSAPI.DLL
0x00007ffbcd690000 - 0x00007ffbcd69a000 	C:\WINDOWS\SYSTEM32\VERSION.dll
0x00007ffbcfc50000 - 0x00007ffbcfc73000 	C:\WINDOWS\SYSTEM32\WINMM.dll
0x00007ffbcfbf0000 - 0x00007ffbcfc1a000 	C:\WINDOWS\SYSTEM32\winmmbase.dll
0x00007ffbd26f0000 - 0x00007ffbd273a000 	C:\WINDOWS\System32\cfgmgr32.dll
0x00007ffbd0a40000 - 0x00007ffbd0a49000 	C:\WINDOWS\SYSTEM32\WSOCK32.dll
0x00007ffbd3f10000 - 0x00007ffbd3f7c000 	C:\WINDOWS\System32\WS2_32.dll
0x00000000508c0000 - 0x00000000508cf000 	C:\Program Files\Java\jre1.8.0_144\bin\verify.dll
0x0000000050890000 - 0x00000000508b9000 	C:\Program Files\Java\jre1.8.0_144\bin\java.dll
0x0000000050870000 - 0x0000000050886000 	C:\Program Files\Java\jre1.8.0_144\bin\zip.dll
0x00007ffbd4550000 - 0x00007ffbd5986000 	C:\WINDOWS\System32\SHELL32.dll
0x00007ffbd5b20000 - 0x00007ffbd5bc6000 	C:\WINDOWS\System32\shcore.dll
0x00007ffbd2ae0000 - 0x00007ffbd3227000 	C:\WINDOWS\System32\windows.storage.dll
0x00007ffbd5bd0000 - 0x00007ffbd5c21000 	C:\WINDOWS\System32\shlwapi.dll
0x00007ffbd2170000 - 0x00007ffbd2181000 	C:\WINDOWS\System32\kernel.appcore.dll
0x00007ffbd21b0000 - 0x00007ffbd21fc000 	C:\WINDOWS\System32\powrprof.dll
0x00007ffbd2190000 - 0x00007ffbd21ab000 	C:\WINDOWS\System32\profapi.dll
0x0000000072ca0000 - 0x0000000072e38000 	C:\Program Files\Java\jre1.8.0_144\bin\awt.dll
0x00007ffbd3b50000 - 0x00007ffbd3c15000 	C:\WINDOWS\System32\OLEAUT32.dll
0x00007ffbcfde0000 - 0x00007ffbcfe68000 	C:\WINDOWS\SYSTEM32\apphelp.dll
0x00007ffbcffc0000 - 0x00007ffbd0055000 	C:\WINDOWS\system32\uxtheme.dll
0x00007ffbd43e0000 - 0x00007ffbd4547000 	C:\WINDOWS\System32\MSCTF.dll
0x00007ffbd0090000 - 0x00007ffbd00ba000 	C:\WINDOWS\system32\dwmapi.dll
0x00007ffbd3d20000 - 0x00007ffbd3e69000 	C:\WINDOWS\System32\ole32.dll
0x00007ffbb9200000 - 0x00007ffbb931e000 	C:\WINDOWS\system32\opengl32.dll
0x00007ffbbe280000 - 0x00007ffbbe2ac000 	C:\WINDOWS\SYSTEM32\GLU32.dll
0x0000000074d00000 - 0x0000000074d47000 	C:\Program Files\Java\jre1.8.0_144\bin\fontmanager.dll
0x00007ffbd3e70000 - 0x00007ffbd3f0e000 	C:\WINDOWS\System32\clbcatq.dll
0x00007ffbcadb0000 - 0x00007ffbcaf5b000 	C:\WINDOWS\SYSTEM32\WindowsCodecs.dll
0x00007ffbb98f0000 - 0x00007ffbb993f000 	C:\WINDOWS\system32\dataexchange.dll
0x00007ffbce2b0000 - 0x00007ffbce591000 	C:\WINDOWS\system32\d3d11.dll
0x00007ffbcf980000 - 0x00007ffbcfac2000 	C:\WINDOWS\system32\dcomp.dll
0x00007ffbd0620000 - 0x00007ffbd06cf000 	C:\WINDOWS\system32\dxgi.dll
0x00007ffbd0210000 - 0x00007ffbd038b000 	C:\WINDOWS\system32\twinapi.appcore.dll
0x00007ffbd0180000 - 0x00007ffbd01a0000 	C:\WINDOWS\system32\RMCLIENT.dll
0x00007ffbd1bb0000 - 0x00007ffbd1bd5000 	C:\WINDOWS\system32\bcrypt.dll
0x0000000050850000 - 0x000000005086a000 	C:\Program Files\Java\jre1.8.0_144\bin\net.dll
0x00007ffbd1630000 - 0x00007ffbd1696000 	C:\WINDOWS\system32\mswsock.dll
0x0000000077370000 - 0x0000000077381000 	C:\Program Files\Java\jre1.8.0_144\bin\nio.dll
0x0000000074470000 - 0x00000000744b2000 	C:\Program Files\Java\jre1.8.0_144\bin\t2k.dll
0x00007ffbbedc0000 - 0x00007ffbbee58000 	C:\WINDOWS\System32\TextInputFramework.dll
0x00007ffbcb040000 - 0x00007ffbcb32e000 	C:\WINDOWS\System32\CoreUIComponents.dll
0x00007ffbce7b0000 - 0x00007ffbce88c000 	C:\WINDOWS\System32\CoreMessaging.dll
0x00007ffbd0f10000 - 0x00007ffbd0f41000 	C:\WINDOWS\SYSTEM32\ntmarta.dll
0x00007ffbcdad0000 - 0x00007ffbcdc06000 	C:\WINDOWS\SYSTEM32\wintypes.dll

VM Arguments:
jvm_args: -Dfile.encoding=Cp1252 
java_command: Inicio
java_class_path (initial): C:\Program Files\Java\jre1.8.0_144\lib\resources.jar;C:\Program Files\Java\jre1.8.0_144\lib\rt.jar;C:\Program Files\Java\jre1.8.0_144\lib\jsse.jar;C:\Program Files\Java\jre1.8.0_144\lib\jce.jar;C:\Program Files\Java\jre1.8.0_144\lib\charsets.jar;C:\Program Files\Java\jre1.8.0_144\lib\jfr.jar;C:\Program Files\Java\jre1.8.0_144\lib\ext\access-bridge-64.jar;C:\Program Files\Java\jre1.8.0_144\lib\ext\cldrdata.jar;C:\Program Files\Java\jre1.8.0_144\lib\ext\dnsns.jar;C:\Program Files\Java\jre1.8.0_144\lib\ext\jaccess.jar;C:\Program Files\Java\jre1.8.0_144\lib\ext\jfxrt.jar;C:\Program Files\Java\jre1.8.0_144\lib\ext\localedata.jar;C:\Program Files\Java\jre1.8.0_144\lib\ext\nashorn.jar;C:\Program Files\Java\jre1.8.0_144\lib\ext\sunec.jar;C:\Program Files\Java\jre1.8.0_144\lib\ext\sunjce_provider.jar;C:\Program Files\Java\jre1.8.0_144\lib\ext\sunmscapi.jar;C:\Program Files\Java\jre1.8.0_144\lib\ext\sunpkcs11.jar;C:\Program Files\Java\jre1.8.0_144\lib\ext\zipfs.jar;C:\Users\jorge\eclipse-workspace\TelaLogin\bin;C:\Users\jorge\eclipse-workspace\TelaLogin\miglayout15-swing.jar;C:\Users\jorge\eclipse-workspace\TelaLogin\jgoodies-forms-1.8.0.jar
Launcher Type: SUN_STANDARD

Environment Variables:
PATH=C:/Program Files/Java/jre1.8.0_144/bin/server;C:/Program Files/Java/jre1.8.0_144/bin;C:/Program Files/Java/jre1.8.0_144/lib/amd64;C:\ProgramData\Oracle\Java\javapath;C:\Program Files (x86)\Intel\iCLS Client\;C:\Program Files\Intel\iCLS Client\;C:\windows\system32;C:\windows;C:\windows\System32\Wbem;C:\windows\System32\WindowsPowerShell\v1.0\;C:\Program Files (x86)\NVIDIA Corporation\PhysX\Common;C:\Program Files (x86)\Intel\Intel(R) Management Engine Components\DAL;C:\Program Files\Intel\Intel(R) Management Engine Components\DAL;C:\Program Files (x86)\Intel\Intel(R) Management Engine Components\IPT;C:\Program Files\Intel\Intel(R) Management Engine Components\IPT;C:\Program Files\Samsung\SamsungLink\AllShare Framework DMS\bin\;C:\WINDOWS\system32;C:\WINDOWS;C:\WINDOWS\System32\Wbem;C:\WINDOWS\System32\WindowsPowerShell\v1.0\;C:\php;C:\Program Files\Git\cmd;C:\Users\jorge\AppData\Local\Microsoft\WindowsApps;C:\MinGW\bin;;C:\Users\jorge\Desktop;
USERNAME=jorge
OS=Windows_NT
PROCESSOR_IDENTIFIER=Intel64 Family 6 Model 61 Stepping 4, GenuineIntel



---------------  S Y S T E M  ---------------

OS: Windows 10.0 , 64 bit Build 16299 (10.0.16299.15)

CPU:total 4 (initial active 4) (2 cores per cpu, 2 threads per core) family 6 model 61 stepping 4, cmov, cx8, fxsr, mmx, sse, sse2, sse3, ssse3, sse4.1, sse4.2, popcnt, avx, avx2, aes, clmul, erms, 3dnowpref, lzcnt, ht, tsc, tscinvbit, bmi1, bmi2, adx

Memory: 4k page, physical 8284900k(1608580k free), swap 33450724k(0k free)

vm_info: Java HotSpot(TM) 64-Bit Server VM (25.144-b01) for windows-amd64 JRE (1.8.0_144-b01), built on Jul 21 2017 21:57:33 by "java_re" with MS VC++ 10.0 (VS2010)

time: Tue Jan 23 18:30:01 2018
elapsed time: 338 seconds (0d 0h 5m 38s)

