#
# There is insufficient memory for the Java Runtime Environment to continue.
# Native memory allocation (malloc) failed to allocate 32744 bytes for ChunkPool::allocate
# Possible reasons:
#   The system is out of physical RAM or swap space
#   In 32 bit mode, the process size limit was hit
# Possible solutions:
#   Reduce memory load on the system
#   Increase physical memory or swap space
#   Check if swap backing store is full
#   Use 64 bit Java on a 64 bit OS
#   Decrease Java heap size (-Xmx/-Xms)
#   Decrease number of Java threads
#   Decrease Java thread stack sizes (-Xss)
#   Set larger code cache with -XX:ReservedCodeCacheSize=
# This output file may be truncated or incomplete.
#
#  Out of Memory Error (allocation.cpp:273), pid=21696, tid=0x0000000000005380
#
# JRE version: Java(TM) SE Runtime Environment (8.0_144-b01) (build 1.8.0_144-b01)
# Java VM: Java HotSpot(TM) 64-Bit Server VM (25.144-b01 mixed mode windows-amd64 compressed oops)
# Failed to write core dump. Minidumps are not enabled by default on client versions of Windows
#

---------------  T H R E A D  ---------------

Current thread (0x0000000019c1e800):  JavaThread "C2 CompilerThread0" daemon [_thread_in_native, id=21376, stack(0x000000001b280000,0x000000001b380000)]

Stack: [0x000000001b280000,0x000000001b380000]
[error occurred during error reporting (printing stack bounds), id 0xc0000005]

Native frames: (J=compiled Java code, j=interpreted, Vv=VM code, C=native code)


Current CompileTask:
C2:1059846  800       4       java.util.HashMap::putVal (300 bytes)


---------------  P R O C E S S  ---------------

Java Threads: ( => current thread )
  0x000000001c249000 JavaThread "TimerQueue" daemon [_thread_blocked, id=26156, stack(0x000000001e870000,0x000000001e970000)]
  0x0000000004e8d800 JavaThread "DestroyJavaVM" [_thread_blocked, id=8720, stack(0x0000000004ed0000,0x0000000004fd0000)]
  0x000000001c10b000 JavaThread "AWT-EventQueue-0" [_thread_blocked, id=21236, stack(0x000000001d230000,0x000000001d330000)]
  0x000000001b973800 JavaThread "AWT-Windows" daemon [_thread_in_native, id=16708, stack(0x000000001c970000,0x000000001ca70000)]
  0x000000001b939800 JavaThread "AWT-Shutdown" [_thread_blocked, id=3120, stack(0x000000001c870000,0x000000001c970000)]
  0x000000001b91c000 JavaThread "Java2D Disposer" daemon [_thread_blocked, id=18144, stack(0x000000001bf70000,0x000000001c070000)]
  0x000000001b5b0800 JavaThread "Service Thread" daemon [_thread_blocked, id=22536, stack(0x000000001b980000,0x000000001ba80000)]
  0x0000000019c45000 JavaThread "C1 CompilerThread2" daemon [_thread_blocked, id=21608, stack(0x000000001b480000,0x000000001b580000)]
  0x0000000019c25800 JavaThread "C2 CompilerThread1" daemon [_thread_blocked, id=22520, stack(0x000000001b380000,0x000000001b480000)]
=>0x0000000019c1e800 JavaThread "C2 CompilerThread0" daemon [_thread_in_native, id=21376, stack(0x000000001b280000,0x000000001b380000)]
  0x0000000019c1b000 JavaThread "Attach Listener" daemon [_thread_blocked, id=20000, stack(0x000000001b180000,0x000000001b280000)]
  0x0000000019c1a000 JavaThread "Signal Dispatcher" daemon [_thread_blocked, id=23848, stack(0x000000001b080000,0x000000001b180000)]
  0x0000000019c09800 JavaThread "Finalizer" daemon [_thread_blocked, id=5896, stack(0x000000001ae80000,0x000000001af80000)]
  0x00000000050c1000 JavaThread "Reference Handler" daemon [_thread_blocked, id=15352, stack(0x000000001ad80000,0x000000001ae80000)]

Other Threads:
  0x0000000019be7000 VMThread [stack: 0x000000001ac80000,0x000000001ad80000] [id=25276]
  0x000000001b5bb800 WatcherThread [stack: 0x000000001be70000,0x000000001bf70000] [id=5856]

VM state:not at safepoint (normal execution)

VM Mutex/Monitor currently owned by a thread: None

Heap:
 PSYoungGen      total 38400K, used 16281K [0x00000000d5d80000, 0x00000000d8800000, 0x0000000100000000)
  eden space 33280K, 48% used [0x00000000d5d80000,0x00000000d6d66760,0x00000000d7e00000)
  from space 5120K, 0% used [0x00000000d8300000,0x00000000d8300000,0x00000000d8800000)
  to   space 5120K, 0% used [0x00000000d7e00000,0x00000000d7e00000,0x00000000d8300000)
 ParOldGen       total 87552K, used 0K [0x0000000081800000, 0x0000000086d80000, 0x00000000d5d80000)
  object space 87552K, 0% used [0x0000000081800000,0x0000000081800000,0x0000000086d80000)
 Metaspace       used 12596K, capacity 12776K, committed 12928K, reserved 1060864K
  class space    used 1556K, capacity 1614K, committed 1664K, reserved 1048576K

Card table byte_map: [0x0000000014490000,0x0000000014890000] byte_map_base: 0x0000000014084000

Marking Bits: (ParMarkBitMap*) 0x000000007381d850
 Begin Bits: [0x0000000014f40000, 0x0000000016ee0000)
 End Bits:   [0x0000000016ee0000, 0x0000000018e80000)

Polling page: 0x00000000030b0000

CodeCache: size=245760Kb used=2834Kb max_used=2846Kb free=242925Kb
 bounds [0x00000000050d0000, 0x00000000053a0000, 0x00000000140d0000]
 total_blobs=1297 nmethods=799 adapters=411
 compilation: enabled

Compilation events (10 events):
Event: 32.013 Thread 0x0000000019c45000 nmethod 795 0x0000000005391dd0 code [0x0000000005391f60, 0x0000000005392430]
Event: 32.015 Thread 0x0000000019c45000  796       3       java.beans.PropertyChangeSupport::firePropertyChange (35 bytes)
Event: 32.016 Thread 0x0000000019c45000 nmethod 796 0x0000000005392890 code [0x0000000005392a40, 0x00000000053930e8]
Event: 32.751 Thread 0x0000000019c45000  797       3       java.awt.AWTEvent::<init> (81 bytes)
Event: 32.752 Thread 0x0000000019c45000 nmethod 797 0x00000000053933d0 code [0x0000000005393580, 0x0000000005393bc8]
Event: 32.752 Thread 0x0000000019c45000  798   !   3       java.awt.Toolkit::setDesktopProperty (81 bytes)
Event: 32.753 Thread 0x0000000019c45000 nmethod 798 0x0000000005393ed0 code [0x0000000005394100, 0x0000000005395008]
Event: 1059.597 Thread 0x0000000019c25800  799       4       java.util.HashMap::getNode (148 bytes)
Event: 1059.600 Thread 0x0000000019c25800 nmethod 799 0x00000000053984d0 code [0x0000000005398620, 0x0000000005398878]
Event: 1059.616 Thread 0x0000000019c1e800  800       4       java.util.HashMap::putVal (300 bytes)

GC Heap History (0 events):
No events

Deoptimization events (0 events):
No events

Internal exceptions (10 events):
Event: 0.302 Thread 0x0000000004e8d800 Exception <a 'java/lang/NoSuchFieldError': method resolution failed> (0x00000000d5face48) thrown at [C:\re\workspace\8-2-build-windows-amd64-cygwin\jdk8u144\9417\hotspot\src\share\vm\prims\methodHandles.cpp, line 1146]
Event: 0.307 Thread 0x0000000004e8d800 Exception <a 'java/lang/NoSuchFieldError': method resolution failed> (0x00000000d5fba218) thrown at [C:\re\workspace\8-2-build-windows-amd64-cygwin\jdk8u144\9417\hotspot\src\share\vm\prims\methodHandles.cpp, line 1146]
Event: 0.426 Thread 0x0000000004e8d800 Exception <a 'java/io/FileNotFoundException'> (0x00000000d616f038) thrown at [C:\re\workspace\8-2-build-windows-amd64-cygwin\jdk8u144\9417\hotspot\src\share\vm\prims\jni.cpp, line 709]
Event: 0.593 Thread 0x0000000004e8d800 Exception <a 'java/lang/ClassNotFoundException': java/lang/ObjectCustomizer> (0x00000000d65600a0) thrown at [C:\re\workspace\8-2-build-windows-amd64-cygwin\jdk8u144\9417\hotspot\src\share\vm\classfile\systemDictionary.cpp, line 210]
Event: 0.595 Thread 0x0000000004e8d800 Exception <a 'java/lang/ArrayIndexOutOfBoundsException': 18> (0x00000000d6562b00) thrown at [C:\re\workspace\8-2-build-windows-amd64-cygwin\jdk8u144\9417\hotspot\src\share\vm\interpreter\interpreterRuntime.cpp, line 366]
Event: 0.596 Thread 0x0000000004e8d800 Exception <a 'java/lang/ArrayIndexOutOfBoundsException': 22> (0x00000000d6565c78) thrown at [C:\re\workspace\8-2-build-windows-amd64-cygwin\jdk8u144\9417\hotspot\src\share\vm\interpreter\interpreterRuntime.cpp, line 366]
Event: 0.597 Thread 0x0000000004e8d800 Exception <a 'java/lang/ArrayIndexOutOfBoundsException': 160> (0x00000000d6567e68) thrown at [C:\re\workspace\8-2-build-windows-amd64-cygwin\jdk8u144\9417\hotspot\src\share\vm\interpreter\interpreterRuntime.cpp, line 366]
Event: 0.600 Thread 0x0000000004e8d800 Exception <a 'java/lang/ClassNotFoundException': net/miginfocom/layout/UnitValueCustomizer> (0x00000000d656e350) thrown at [C:\re\workspace\8-2-build-windows-amd64-cygwin\jdk8u144\9417\hotspot\src\share\vm\classfile\systemDictionary.cpp, line 210]
Event: 0.607 Thread 0x0000000004e8d800 Exception <a 'java/lang/ClassNotFoundException': java/lang/ObjectCustomizer> (0x00000000d658b2d0) thrown at [C:\re\workspace\8-2-build-windows-amd64-cygwin\jdk8u144\9417\hotspot\src\share\vm\classfile\systemDictionary.cpp, line 210]
Event: 0.608 Thread 0x0000000004e8d800 Exception <a 'java/lang/ClassNotFoundException': net/miginfocom/layout/BoundSizeCustomizer> (0x00000000d6592ff8) thrown at [C:\re\workspace\8-2-build-windows-amd64-cygwin\jdk8u144\9417\hotspot\src\share\vm\classfile\systemDictionary.cpp, line 210]

Events (10 events):
Event: 17.696 loading class java/awt/AWTEvent$2
Event: 17.696 loading class java/awt/AWTEvent$2 done
Event: 17.696 loading class sun/reflect/UnsafeBooleanFieldAccessorImpl
Event: 17.696 loading class sun/reflect/UnsafeBooleanFieldAccessorImpl done
Event: 18.997 loading class java/awt/LightweightDispatcher$2
Event: 18.997 loading class java/awt/LightweightDispatcher$2 done
Event: 19.436 loading class java/awt/KeyboardFocusManager$2
Event: 19.436 loading class java/awt/KeyboardFocusManager$2 done
Event: 19.436 loading class sun/awt/SunToolkit$1
Event: 19.436 loading class sun/awt/SunToolkit$1 done


Dynamic libraries:
0x00007ff698330000 - 0x00007ff698367000 	C:\Program Files\Java\jre1.8.0_144\bin\javaw.exe
0x00007ffbd5e00000 - 0x00007ffbd5fe0000 	C:\WINDOWS\SYSTEM32\ntdll.dll
0x00007ffbd35a0000 - 0x00007ffbd364e000 	C:\WINDOWS\System32\KERNEL32.DLL
0x00007ffbd2760000 - 0x00007ffbd29c6000 	C:\WINDOWS\System32\KERNELBASE.dll
0x00007ffbd3650000 - 0x00007ffbd36f1000 	C:\WINDOWS\System32\ADVAPI32.dll
0x00007ffbd3500000 - 0x00007ffbd359d000 	C:\WINDOWS\System32\msvcrt.dll
0x00007ffbd3cc0000 - 0x00007ffbd3d1b000 	C:\WINDOWS\System32\sechost.dll
0x00007ffbd42c0000 - 0x00007ffbd43df000 	C:\WINDOWS\System32\RPCRT4.dll
0x00007ffbd5990000 - 0x00007ffbd5b1f000 	C:\WINDOWS\System32\USER32.dll
0x00007ffbd2740000 - 0x00007ffbd2760000 	C:\WINDOWS\System32\win32u.dll
0x00007ffbd4290000 - 0x00007ffbd42b8000 	C:\WINDOWS\System32\GDI32.dll
0x00007ffbd2200000 - 0x00007ffbd2393000 	C:\WINDOWS\System32\gdi32full.dll
0x00007ffbd3230000 - 0x00007ffbd32cb000 	C:\WINDOWS\System32\msvcp_win.dll
0x00007ffbd23a0000 - 0x00007ffbd2496000 	C:\WINDOWS\System32\ucrtbase.dll
0x00007ffbc97d0000 - 0x00007ffbc9a39000 	C:\WINDOWS\WinSxS\amd64_microsoft.windows.common-controls_6595b64144ccf1df_6.0.16299.192_none_15c8cdae9364c23b\COMCTL32.dll
0x00007ffbd3f80000 - 0x00007ffbd4288000 	C:\WINDOWS\System32\combase.dll
0x00007ffbd2670000 - 0x00007ffbd26e2000 	C:\WINDOWS\System32\bcryptPrimitives.dll
0x00007ffbd34d0000 - 0x00007ffbd34fd000 	C:\WINDOWS\System32\IMM32.DLL
0x0000000072e40000 - 0x0000000072f12000 	C:\Program Files\Java\jre1.8.0_144\bin\msvcr100.dll
0x0000000073000000 - 0x000000007389d000 	C:\Program Files\Java\jre1.8.0_144\bin\server\jvm.dll
0x00007ffbd5d60000 - 0x00007ffbd5d68000 	C:\WINDOWS\System32\PSAPI.DLL
0x00007ffbd0a40000 - 0x00007ffbd0a49000 	C:\WINDOWS\SYSTEM32\WSOCK32.dll
0x00007ffbd3f10000 - 0x00007ffbd3f7c000 	C:\WINDOWS\System32\WS2_32.dll
0x00007ffbcd690000 - 0x00007ffbcd69a000 	C:\WINDOWS\SYSTEM32\VERSION.dll
0x00007ffbcfc50000 - 0x00007ffbcfc73000 	C:\WINDOWS\SYSTEM32\WINMM.dll
0x00007ffbcfbf0000 - 0x00007ffbcfc1a000 	C:\WINDOWS\SYSTEM32\WINMMBASE.dll
0x00007ffbd26f0000 - 0x00007ffbd273a000 	C:\WINDOWS\System32\cfgmgr32.dll
0x00000000508c0000 - 0x00000000508cf000 	C:\Program Files\Java\jre1.8.0_144\bin\verify.dll
0x0000000050890000 - 0x00000000508b9000 	C:\Program Files\Java\jre1.8.0_144\bin\java.dll
0x0000000050870000 - 0x0000000050886000 	C:\Program Files\Java\jre1.8.0_144\bin\zip.dll
0x00007ffbd4550000 - 0x00007ffbd5986000 	C:\WINDOWS\System32\SHELL32.dll
0x00007ffbd5b20000 - 0x00007ffbd5bc6000 	C:\WINDOWS\System32\shcore.dll
0x00007ffbd2ae0000 - 0x00007ffbd3227000 	C:\WINDOWS\System32\windows.storage.dll
0x00007ffbd5bd0000 - 0x00007ffbd5c21000 	C:\WINDOWS\System32\shlwapi.dll
0x00007ffbd2170000 - 0x00007ffbd2181000 	C:\WINDOWS\System32\kernel.appcore.dll
0x00007ffbd21b0000 - 0x00007ffbd21fc000 	C:\WINDOWS\System32\powrprof.dll
0x00007ffbd2190000 - 0x00007ffbd21ab000 	C:\WINDOWS\System32\profapi.dll
0x0000000072ca0000 - 0x0000000072e38000 	C:\Program Files\Java\jre1.8.0_144\bin\awt.dll
0x00007ffbd3b50000 - 0x00007ffbd3c15000 	C:\WINDOWS\System32\OLEAUT32.dll
0x00007ffbcfde0000 - 0x00007ffbcfe68000 	C:\WINDOWS\SYSTEM32\apphelp.dll
0x00007ffbcffc0000 - 0x00007ffbd0055000 	C:\WINDOWS\system32\uxtheme.dll
0x00007ffbd43e0000 - 0x00007ffbd4547000 	C:\WINDOWS\System32\MSCTF.dll
0x00007ffbd0090000 - 0x00007ffbd00ba000 	C:\WINDOWS\system32\dwmapi.dll
0x00007ffbd3d20000 - 0x00007ffbd3e69000 	C:\WINDOWS\System32\ole32.dll
0x00007ffbb9200000 - 0x00007ffbb931e000 	C:\WINDOWS\system32\opengl32.dll
0x00007ffbbe280000 - 0x00007ffbbe2ac000 	C:\WINDOWS\SYSTEM32\GLU32.dll
0x0000000074d00000 - 0x0000000074d47000 	C:\Program Files\Java\jre1.8.0_144\bin\fontmanager.dll
0x00007ffbd3e70000 - 0x00007ffbd3f0e000 	C:\WINDOWS\System32\clbcatq.dll
0x00007ffbcadb0000 - 0x00007ffbcaf5b000 	C:\WINDOWS\SYSTEM32\WindowsCodecs.dll
0x00007ffbb98f0000 - 0x00007ffbb993f000 	C:\WINDOWS\system32\dataexchange.dll
0x00007ffbce2b0000 - 0x00007ffbce591000 	C:\WINDOWS\system32\d3d11.dll
0x00007ffbcf980000 - 0x00007ffbcfac2000 	C:\WINDOWS\system32\dcomp.dll
0x00007ffbd0620000 - 0x00007ffbd06cf000 	C:\WINDOWS\system32\dxgi.dll
0x00007ffbd0210000 - 0x00007ffbd038b000 	C:\WINDOWS\system32\twinapi.appcore.dll
0x00007ffbd0180000 - 0x00007ffbd01a0000 	C:\WINDOWS\system32\RMCLIENT.dll
0x00007ffbd1bb0000 - 0x00007ffbd1bd5000 	C:\WINDOWS\system32\bcrypt.dll
0x0000000050850000 - 0x000000005086a000 	C:\Program Files\Java\jre1.8.0_144\bin\net.dll
0x00007ffbd1630000 - 0x00007ffbd1696000 	C:\WINDOWS\system32\mswsock.dll
0x0000000077370000 - 0x0000000077381000 	C:\Program Files\Java\jre1.8.0_144\bin\nio.dll
0x0000000074470000 - 0x00000000744b2000 	C:\Program Files\Java\jre1.8.0_144\bin\t2k.dll
0x00007ffbbedc0000 - 0x00007ffbbee58000 	C:\WINDOWS\System32\TextInputFramework.dll
0x00007ffbce7b0000 - 0x00007ffbce88c000 	C:\WINDOWS\System32\CoreMessaging.dll
0x00007ffbcb040000 - 0x00007ffbcb32e000 	C:\WINDOWS\System32\CoreUIComponents.dll
0x00007ffbcdad0000 - 0x00007ffbcdc06000 	C:\WINDOWS\SYSTEM32\wintypes.dll
0x00007ffbd0f10000 - 0x00007ffbd0f41000 	C:\WINDOWS\SYSTEM32\ntmarta.dll

VM Arguments:
jvm_args: -Dfile.encoding=Cp1252 
java_command: Inicio
java_class_path (initial): C:\Program Files\Java\jre1.8.0_144\lib\resources.jar;C:\Program Files\Java\jre1.8.0_144\lib\rt.jar;C:\Program Files\Java\jre1.8.0_144\lib\jsse.jar;C:\Program Files\Java\jre1.8.0_144\lib\jce.jar;C:\Program Files\Java\jre1.8.0_144\lib\charsets.jar;C:\Program Files\Java\jre1.8.0_144\lib\jfr.jar;C:\Program Files\Java\jre1.8.0_144\lib\ext\access-bridge-64.jar;C:\Program Files\Java\jre1.8.0_144\lib\ext\cldrdata.jar;C:\Program Files\Java\jre1.8.0_144\lib\ext\dnsns.jar;C:\Program Files\Java\jre1.8.0_144\lib\ext\jaccess.jar;C:\Program Files\Java\jre1.8.0_144\lib\ext\jfxrt.jar;C:\Program Files\Java\jre1.8.0_144\lib\ext\localedata.jar;C:\Program Files\Java\jre1.8.0_144\lib\ext\nashorn.jar;C:\Program Files\Java\jre1.8.0_144\lib\ext\sunec.jar;C:\Program Files\Java\jre1.8.0_144\lib\ext\sunjce_provider.jar;C:\Program Files\Java\jre1.8.0_144\lib\ext\sunmscapi.jar;C:\Program Files\Java\jre1.8.0_144\lib\ext\sunpkcs11.jar;C:\Program Files\Java\jre1.8.0_144\lib\ext\zipfs.jar;C:\Users\jorge\eclipse-workspace\TelaLogin\bin;C:\Users\jorge\eclipse-workspace\TelaLogin\miglayout15-swing.jar;C:\Users\jorge\eclipse-workspace\TelaLogin\jgoodies-forms-1.8.0.jar
Launcher Type: SUN_STANDARD

Environment Variables:
PATH=C:/Program Files/Java/jre1.8.0_144/bin/server;C:/Program Files/Java/jre1.8.0_144/bin;C:/Program Files/Java/jre1.8.0_144/lib/amd64;C:\ProgramData\Oracle\Java\javapath;C:\Program Files (x86)\Intel\iCLS Client\;C:\Program Files\Intel\iCLS Client\;C:\windows\system32;C:\windows;C:\windows\System32\Wbem;C:\windows\System32\WindowsPowerShell\v1.0\;C:\Program Files (x86)\NVIDIA Corporation\PhysX\Common;C:\Program Files (x86)\Intel\Intel(R) Management Engine Components\DAL;C:\Program Files\Intel\Intel(R) Management Engine Components\DAL;C:\Program Files (x86)\Intel\Intel(R) Management Engine Components\IPT;C:\Program Files\Intel\Intel(R) Management Engine Components\IPT;C:\Program Files\Samsung\SamsungLink\AllShare Framework DMS\bin\;C:\WINDOWS\system32;C:\WINDOWS;C:\WINDOWS\System32\Wbem;C:\WINDOWS\System32\WindowsPowerShell\v1.0\;C:\php;C:\Program Files\Git\cmd;C:\Users\jorge\AppData\Local\Microsoft\WindowsApps;C:\MinGW\bin;;C:\WINDOWS\System32;
USERNAME=jorge
OS=Windows_NT
PROCESSOR_IDENTIFIER=Intel64 Family 6 Model 61 Stepping 4, GenuineIntel



---------------  S Y S T E M  ---------------

OS: Windows 10.0 , 64 bit Build 16299 (10.0.16299.15)

CPU:total 4 (initial active 4) (2 cores per cpu, 2 threads per core) family 6 model 61 stepping 4, cmov, cx8, fxsr, mmx, sse, sse2, sse3, ssse3, sse4.1, sse4.2, popcnt, avx, avx2, aes, clmul, erms, 3dnowpref, lzcnt, ht, tsc, tscinvbit, bmi1, bmi2, adx

Memory: 4k page, physical 8284900k(1608716k free), swap 33450724k(0k free)

vm_info: Java HotSpot(TM) 64-Bit Server VM (25.144-b01) for windows-amd64 JRE (1.8.0_144-b01), built on Jul 21 2017 21:57:33 by "java_re" with MS VC++ 10.0 (VS2010)

time: Tue Jan 23 18:30:01 2018
elapsed time: 1059 seconds (0d 0h 17m 39s)

