#
# There is insufficient memory for the Java Runtime Environment to continue.
# Native memory allocation (malloc) failed to allocate 32744 bytes for ChunkPool::allocate
# Possible reasons:
#   The system is out of physical RAM or swap space
#   In 32 bit mode, the process size limit was hit
# Possible solutions:
#   Reduce memory load on the system
#   Increase physical memory or swap space
#   Check if swap backing store is full
#   Use 64 bit Java on a 64 bit OS
#   Decrease Java heap size (-Xmx/-Xms)
#   Decrease number of Java threads
#   Decrease Java thread stack sizes (-Xss)
#   Set larger code cache with -XX:ReservedCodeCacheSize=
# This output file may be truncated or incomplete.
#
#  Out of Memory Error (allocation.cpp:273), pid=13772, tid=0x0000000000004cb8
#
# JRE version: Java(TM) SE Runtime Environment (8.0_144-b01) (build 1.8.0_144-b01)
# Java VM: Java HotSpot(TM) 64-Bit Server VM (25.144-b01 mixed mode windows-amd64 compressed oops)
# Failed to write core dump. Minidumps are not enabled by default on client versions of Windows
#

---------------  T H R E A D  ---------------

Current thread (0x000000001919d000):  JavaThread "C2 CompilerThread0" daemon [_thread_in_native, id=19640, stack(0x000000001a800000,0x000000001a900000)]

Stack: [0x000000001a800000,0x000000001a900000]
[error occurred during error reporting (printing stack bounds), id 0xc0000005]

Native frames: (J=compiled Java code, j=interpreted, Vv=VM code, C=native code)


Current CompileTask:
C2:2276512  713       4       java.util.HashMap::getNode (148 bytes)


---------------  P R O C E S S  ---------------

Java Threads: ( => current thread )
  0x000000001b849800 JavaThread "TimerQueue" daemon [_thread_blocked, id=280, stack(0x000000001ddf0000,0x000000001def0000)]
  0x000000000444d800 JavaThread "DestroyJavaVM" [_thread_blocked, id=24412, stack(0x0000000004450000,0x0000000004550000)]
  0x000000001b669800 JavaThread "AWT-EventQueue-0" [_thread_blocked, id=19020, stack(0x000000001c770000,0x000000001c870000)]
  0x000000001aee2000 JavaThread "AWT-Windows" daemon [_thread_in_native, id=8932, stack(0x000000001bef0000,0x000000001bff0000)]
  0x000000001aed8800 JavaThread "AWT-Shutdown" [_thread_blocked, id=4476, stack(0x000000001bdf0000,0x000000001bef0000)]
  0x000000001ae92800 JavaThread "Java2D Disposer" daemon [_thread_blocked, id=13580, stack(0x000000001b4f0000,0x000000001b5f0000)]
  0x000000001ab28800 JavaThread "Service Thread" daemon [_thread_blocked, id=12740, stack(0x000000001af00000,0x000000001b000000)]
  0x00000000191b3000 JavaThread "C1 CompilerThread2" daemon [_thread_blocked, id=7516, stack(0x000000001aa00000,0x000000001ab00000)]
  0x00000000191a4000 JavaThread "C2 CompilerThread1" daemon [_thread_blocked, id=21672, stack(0x000000001a900000,0x000000001aa00000)]
=>0x000000001919d000 JavaThread "C2 CompilerThread0" daemon [_thread_in_native, id=19640, stack(0x000000001a800000,0x000000001a900000)]
  0x000000001919b000 JavaThread "Attach Listener" daemon [_thread_blocked, id=16248, stack(0x000000001a700000,0x000000001a800000)]
  0x000000001919a000 JavaThread "Signal Dispatcher" daemon [_thread_blocked, id=3336, stack(0x000000001a600000,0x000000001a700000)]
  0x0000000019189800 JavaThread "Finalizer" daemon [_thread_blocked, id=13700, stack(0x000000001a400000,0x000000001a500000)]
  0x0000000004641000 JavaThread "Reference Handler" daemon [_thread_blocked, id=10588, stack(0x000000001a300000,0x000000001a400000)]

Other Threads:
  0x0000000019167000 VMThread [stack: 0x000000001a200000,0x000000001a300000] [id=22964]
  0x000000001ab45000 WatcherThread [stack: 0x000000001b3f0000,0x000000001b4f0000] [id=22896]

VM state:not at safepoint (normal execution)

VM Mutex/Monitor currently owned by a thread: None

Heap:
 PSYoungGen      total 38400K, used 15656K [0x00000000d5d80000, 0x00000000d8800000, 0x0000000100000000)
  eden space 33280K, 47% used [0x00000000d5d80000,0x00000000d6cca3e0,0x00000000d7e00000)
  from space 5120K, 0% used [0x00000000d8300000,0x00000000d8300000,0x00000000d8800000)
  to   space 5120K, 0% used [0x00000000d7e00000,0x00000000d7e00000,0x00000000d8300000)
 ParOldGen       total 87552K, used 0K [0x0000000081800000, 0x0000000086d80000, 0x00000000d5d80000)
  object space 87552K, 0% used [0x0000000081800000,0x0000000081800000,0x0000000086d80000)
 Metaspace       used 12518K, capacity 12736K, committed 12928K, reserved 1060864K
  class space    used 1558K, capacity 1646K, committed 1664K, reserved 1048576K

Card table byte_map: [0x0000000013a10000,0x0000000013e10000] byte_map_base: 0x0000000013604000

Marking Bits: (ParMarkBitMap*) 0x000000007381d850
 Begin Bits: [0x00000000144c0000, 0x0000000016460000)
 End Bits:   [0x0000000016460000, 0x0000000018400000)

Polling page: 0x0000000002aa0000

CodeCache: size=245760Kb used=2648Kb max_used=2657Kb free=243111Kb
 bounds [0x0000000004650000, 0x00000000048f0000, 0x0000000013650000]
 total_blobs=1210 nmethods=712 adapters=411
 compilation: enabled

Compilation events (10 events):
Event: 476.278 Thread 0x00000000191b3000  708       3       java.beans.PropertyChangeSupport::firePropertyChange (35 bytes)
Event: 476.279 Thread 0x00000000191b3000 nmethod 708 0x00000000048e4950 code [0x00000000048e4b00, 0x00000000048e51a8]
Event: 476.541 Thread 0x00000000191b3000  709   !   3       java.awt.Toolkit::setDesktopProperty (81 bytes)
Event: 476.542 Thread 0x00000000191b3000 nmethod 709 0x00000000048e31d0 code [0x00000000048e3400, 0x00000000048e4308]
Event: 1248.674 Thread 0x000000001919d000  710       4       java.util.HashMap::putVal (300 bytes)
Event: 1248.685 Thread 0x000000001919d000 nmethod 710 0x00000000048e9490 code [0x00000000048e9620, 0x00000000048e9cd8]
Event: 1248.825 Thread 0x00000000191a4000  711       4       java.lang.String::compareTo (78 bytes)
Event: 1248.828 Thread 0x00000000191a4000 nmethod 711 0x00000000048e6310 code [0x00000000048e6460, 0x00000000048e65f8]
Event: 2276.087 Thread 0x00000000191b3000  712       3       java.util.concurrent.locks.ReentrantLock$Sync::tryRelease (45 bytes)
Event: 2276.087 Thread 0x000000001919d000  713       4       java.util.HashMap::getNode (148 bytes)

GC Heap History (0 events):
No events

Deoptimization events (2 events):
Event: 0.812 Thread 0x000000001b669800 Uncommon trap: reason=unstable_if action=reinterpret pc=0x00000000048c68f8 method=java.awt.image.AreaAveragingScaleFilter.calcRow()[I @ 79
Event: 0.812 Thread 0x000000001b669800 Uncommon trap: reason=unstable_if action=reinterpret pc=0x00000000048c91b4 method=java.awt.image.AreaAveragingScaleFilter.calcRow()[I @ 93

Internal exceptions (10 events):
Event: 0.225 Thread 0x000000000444d800 Exception <a 'java/lang/NoSuchFieldError': method resolution failed> (0x00000000d5fac5b0) thrown at [C:\re\workspace\8-2-build-windows-amd64-cygwin\jdk8u144\9417\hotspot\src\share\vm\prims\methodHandles.cpp, line 1146]
Event: 0.229 Thread 0x000000000444d800 Exception <a 'java/lang/NoSuchFieldError': method resolution failed> (0x00000000d5fb9980) thrown at [C:\re\workspace\8-2-build-windows-amd64-cygwin\jdk8u144\9417\hotspot\src\share\vm\prims\methodHandles.cpp, line 1146]
Event: 0.348 Thread 0x000000000444d800 Exception <a 'java/io/FileNotFoundException'> (0x00000000d616e6b0) thrown at [C:\re\workspace\8-2-build-windows-amd64-cygwin\jdk8u144\9417\hotspot\src\share\vm\prims\jni.cpp, line 709]
Event: 0.471 Thread 0x000000000444d800 Exception <a 'java/lang/ClassNotFoundException': java/lang/ObjectCustomizer> (0x00000000d655f368) thrown at [C:\re\workspace\8-2-build-windows-amd64-cygwin\jdk8u144\9417\hotspot\src\share\vm\classfile\systemDictionary.cpp, line 210]
Event: 0.475 Thread 0x000000000444d800 Exception <a 'java/lang/ArrayIndexOutOfBoundsException': 18> (0x00000000d6561dc8) thrown at [C:\re\workspace\8-2-build-windows-amd64-cygwin\jdk8u144\9417\hotspot\src\share\vm\interpreter\interpreterRuntime.cpp, line 366]
Event: 0.477 Thread 0x000000000444d800 Exception <a 'java/lang/ArrayIndexOutOfBoundsException': 22> (0x00000000d6564f40) thrown at [C:\re\workspace\8-2-build-windows-amd64-cygwin\jdk8u144\9417\hotspot\src\share\vm\interpreter\interpreterRuntime.cpp, line 366]
Event: 0.478 Thread 0x000000000444d800 Exception <a 'java/lang/ArrayIndexOutOfBoundsException': 160> (0x00000000d6567130) thrown at [C:\re\workspace\8-2-build-windows-amd64-cygwin\jdk8u144\9417\hotspot\src\share\vm\interpreter\interpreterRuntime.cpp, line 366]
Event: 0.483 Thread 0x000000000444d800 Exception <a 'java/lang/ClassNotFoundException': net/miginfocom/layout/UnitValueCustomizer> (0x00000000d656d618) thrown at [C:\re\workspace\8-2-build-windows-amd64-cygwin\jdk8u144\9417\hotspot\src\share\vm\classfile\systemDictionary.cpp, line 210]
Event: 0.491 Thread 0x000000000444d800 Exception <a 'java/lang/ClassNotFoundException': java/lang/ObjectCustomizer> (0x00000000d658a5d8) thrown at [C:\re\workspace\8-2-build-windows-amd64-cygwin\jdk8u144\9417\hotspot\src\share\vm\classfile\systemDictionary.cpp, line 210]
Event: 0.493 Thread 0x000000000444d800 Exception <a 'java/lang/ClassNotFoundException': net/miginfocom/layout/BoundSizeCustomizer> (0x00000000d6592300) thrown at [C:\re\workspace\8-2-build-windows-amd64-cygwin\jdk8u144\9417\hotspot\src\share\vm\classfile\systemDictionary.cpp, line 210]

Events (10 events):
Event: 9.238 loading class java/awt/AWTEvent$2
Event: 9.238 loading class java/awt/AWTEvent$2 done
Event: 9.238 loading class sun/reflect/UnsafeBooleanFieldAccessorImpl
Event: 9.238 loading class sun/reflect/UnsafeBooleanFieldAccessorImpl done
Event: 9.272 loading class java/awt/LightweightDispatcher$2
Event: 9.272 loading class java/awt/LightweightDispatcher$2 done
Event: 9.467 loading class java/awt/KeyboardFocusManager$2
Event: 9.468 loading class java/awt/KeyboardFocusManager$2 done
Event: 9.468 loading class sun/awt/SunToolkit$1
Event: 9.468 loading class sun/awt/SunToolkit$1 done


Dynamic libraries:
0x00007ff698330000 - 0x00007ff698367000 	C:\Program Files\Java\jre1.8.0_144\bin\javaw.exe
0x00007ffbd5e00000 - 0x00007ffbd5fe0000 	C:\WINDOWS\SYSTEM32\ntdll.dll
0x00007ffbd35a0000 - 0x00007ffbd364e000 	C:\WINDOWS\System32\KERNEL32.DLL
0x00007ffbd2760000 - 0x00007ffbd29c6000 	C:\WINDOWS\System32\KERNELBASE.dll
0x00007ffbd3650000 - 0x00007ffbd36f1000 	C:\WINDOWS\System32\ADVAPI32.dll
0x00007ffbd3500000 - 0x00007ffbd359d000 	C:\WINDOWS\System32\msvcrt.dll
0x00007ffbd3cc0000 - 0x00007ffbd3d1b000 	C:\WINDOWS\System32\sechost.dll
0x00007ffbd42c0000 - 0x00007ffbd43df000 	C:\WINDOWS\System32\RPCRT4.dll
0x00007ffbd5990000 - 0x00007ffbd5b1f000 	C:\WINDOWS\System32\USER32.dll
0x00007ffbd2740000 - 0x00007ffbd2760000 	C:\WINDOWS\System32\win32u.dll
0x00007ffbd4290000 - 0x00007ffbd42b8000 	C:\WINDOWS\System32\GDI32.dll
0x00007ffbd2200000 - 0x00007ffbd2393000 	C:\WINDOWS\System32\gdi32full.dll
0x00007ffbd3230000 - 0x00007ffbd32cb000 	C:\WINDOWS\System32\msvcp_win.dll
0x00007ffbd23a0000 - 0x00007ffbd2496000 	C:\WINDOWS\System32\ucrtbase.dll
0x00007ffbc97d0000 - 0x00007ffbc9a39000 	C:\WINDOWS\WinSxS\amd64_microsoft.windows.common-controls_6595b64144ccf1df_6.0.16299.192_none_15c8cdae9364c23b\COMCTL32.dll
0x00007ffbd3f80000 - 0x00007ffbd4288000 	C:\WINDOWS\System32\combase.dll
0x00007ffbd2670000 - 0x00007ffbd26e2000 	C:\WINDOWS\System32\bcryptPrimitives.dll
0x00007ffbd34d0000 - 0x00007ffbd34fd000 	C:\WINDOWS\System32\IMM32.DLL
0x0000000072e40000 - 0x0000000072f12000 	C:\Program Files\Java\jre1.8.0_144\bin\msvcr100.dll
0x0000000073000000 - 0x000000007389d000 	C:\Program Files\Java\jre1.8.0_144\bin\server\jvm.dll
0x00007ffbd5d60000 - 0x00007ffbd5d68000 	C:\WINDOWS\System32\PSAPI.DLL
0x00007ffbcfc50000 - 0x00007ffbcfc73000 	C:\WINDOWS\SYSTEM32\WINMM.dll
0x00007ffbcd690000 - 0x00007ffbcd69a000 	C:\WINDOWS\SYSTEM32\VERSION.dll
0x00007ffbd0a40000 - 0x00007ffbd0a49000 	C:\WINDOWS\SYSTEM32\WSOCK32.dll
0x00007ffbcfbf0000 - 0x00007ffbcfc1a000 	C:\WINDOWS\SYSTEM32\WINMMBASE.dll
0x00007ffbd3f10000 - 0x00007ffbd3f7c000 	C:\WINDOWS\System32\WS2_32.dll
0x00007ffbd26f0000 - 0x00007ffbd273a000 	C:\WINDOWS\System32\cfgmgr32.dll
0x00000000508c0000 - 0x00000000508cf000 	C:\Program Files\Java\jre1.8.0_144\bin\verify.dll
0x0000000050890000 - 0x00000000508b9000 	C:\Program Files\Java\jre1.8.0_144\bin\java.dll
0x0000000050870000 - 0x0000000050886000 	C:\Program Files\Java\jre1.8.0_144\bin\zip.dll
0x00007ffbd4550000 - 0x00007ffbd5986000 	C:\WINDOWS\System32\SHELL32.dll
0x00007ffbd5b20000 - 0x00007ffbd5bc6000 	C:\WINDOWS\System32\shcore.dll
0x00007ffbd2ae0000 - 0x00007ffbd3227000 	C:\WINDOWS\System32\windows.storage.dll
0x00007ffbd5bd0000 - 0x00007ffbd5c21000 	C:\WINDOWS\System32\shlwapi.dll
0x00007ffbd2170000 - 0x00007ffbd2181000 	C:\WINDOWS\System32\kernel.appcore.dll
0x00007ffbd21b0000 - 0x00007ffbd21fc000 	C:\WINDOWS\System32\powrprof.dll
0x00007ffbd2190000 - 0x00007ffbd21ab000 	C:\WINDOWS\System32\profapi.dll
0x0000000072ca0000 - 0x0000000072e38000 	C:\Program Files\Java\jre1.8.0_144\bin\awt.dll
0x00007ffbd3b50000 - 0x00007ffbd3c15000 	C:\WINDOWS\System32\OLEAUT32.dll
0x00007ffbcfde0000 - 0x00007ffbcfe68000 	C:\WINDOWS\SYSTEM32\apphelp.dll
0x00007ffbcffc0000 - 0x00007ffbd0055000 	C:\WINDOWS\system32\uxtheme.dll
0x00007ffbd43e0000 - 0x00007ffbd4547000 	C:\WINDOWS\System32\MSCTF.dll
0x00007ffbd0090000 - 0x00007ffbd00ba000 	C:\WINDOWS\system32\dwmapi.dll
0x00007ffbd3d20000 - 0x00007ffbd3e69000 	C:\WINDOWS\System32\ole32.dll
0x00007ffbb9200000 - 0x00007ffbb931e000 	C:\WINDOWS\system32\opengl32.dll
0x00007ffbbe280000 - 0x00007ffbbe2ac000 	C:\WINDOWS\SYSTEM32\GLU32.dll
0x0000000074d00000 - 0x0000000074d47000 	C:\Program Files\Java\jre1.8.0_144\bin\fontmanager.dll
0x00007ffbd3e70000 - 0x00007ffbd3f0e000 	C:\WINDOWS\System32\clbcatq.dll
0x00007ffbcadb0000 - 0x00007ffbcaf5b000 	C:\WINDOWS\SYSTEM32\WindowsCodecs.dll
0x00007ffbb98f0000 - 0x00007ffbb993f000 	C:\WINDOWS\system32\dataexchange.dll
0x00007ffbce2b0000 - 0x00007ffbce591000 	C:\WINDOWS\system32\d3d11.dll
0x00007ffbcf980000 - 0x00007ffbcfac2000 	C:\WINDOWS\system32\dcomp.dll
0x00007ffbd0620000 - 0x00007ffbd06cf000 	C:\WINDOWS\system32\dxgi.dll
0x00007ffbd0210000 - 0x00007ffbd038b000 	C:\WINDOWS\system32\twinapi.appcore.dll
0x00007ffbd0180000 - 0x00007ffbd01a0000 	C:\WINDOWS\system32\RMCLIENT.dll
0x00007ffbd1bb0000 - 0x00007ffbd1bd5000 	C:\WINDOWS\system32\bcrypt.dll
0x0000000050850000 - 0x000000005086a000 	C:\Program Files\Java\jre1.8.0_144\bin\net.dll
0x00007ffbd1630000 - 0x00007ffbd1696000 	C:\WINDOWS\system32\mswsock.dll
0x0000000077370000 - 0x0000000077381000 	C:\Program Files\Java\jre1.8.0_144\bin\nio.dll
0x0000000074470000 - 0x00000000744b2000 	C:\Program Files\Java\jre1.8.0_144\bin\t2k.dll
0x00007ffbbedc0000 - 0x00007ffbbee58000 	C:\WINDOWS\System32\TextInputFramework.dll
0x00007ffbce7b0000 - 0x00007ffbce88c000 	C:\WINDOWS\System32\CoreMessaging.dll
0x00007ffbcb040000 - 0x00007ffbcb32e000 	C:\WINDOWS\System32\CoreUIComponents.dll
0x00007ffbd0f10000 - 0x00007ffbd0f41000 	C:\WINDOWS\SYSTEM32\ntmarta.dll
0x00007ffbcdad0000 - 0x00007ffbcdc06000 	C:\WINDOWS\SYSTEM32\wintypes.dll

VM Arguments:
jvm_args: -Dfile.encoding=Cp1252 
java_command: Inicio
java_class_path (initial): C:\Program Files\Java\jre1.8.0_144\lib\resources.jar;C:\Program Files\Java\jre1.8.0_144\lib\rt.jar;C:\Program Files\Java\jre1.8.0_144\lib\jsse.jar;C:\Program Files\Java\jre1.8.0_144\lib\jce.jar;C:\Program Files\Java\jre1.8.0_144\lib\charsets.jar;C:\Program Files\Java\jre1.8.0_144\lib\jfr.jar;C:\Program Files\Java\jre1.8.0_144\lib\ext\access-bridge-64.jar;C:\Program Files\Java\jre1.8.0_144\lib\ext\cldrdata.jar;C:\Program Files\Java\jre1.8.0_144\lib\ext\dnsns.jar;C:\Program Files\Java\jre1.8.0_144\lib\ext\jaccess.jar;C:\Program Files\Java\jre1.8.0_144\lib\ext\jfxrt.jar;C:\Program Files\Java\jre1.8.0_144\lib\ext\localedata.jar;C:\Program Files\Java\jre1.8.0_144\lib\ext\nashorn.jar;C:\Program Files\Java\jre1.8.0_144\lib\ext\sunec.jar;C:\Program Files\Java\jre1.8.0_144\lib\ext\sunjce_provider.jar;C:\Program Files\Java\jre1.8.0_144\lib\ext\sunmscapi.jar;C:\Program Files\Java\jre1.8.0_144\lib\ext\sunpkcs11.jar;C:\Program Files\Java\jre1.8.0_144\lib\ext\zipfs.jar;C:\Users\jorge\eclipse-workspace\TelaLogin\bin;C:\Users\jorge\eclipse-workspace\TelaLogin\miglayout15-swing.jar;C:\Users\jorge\eclipse-workspace\TelaLogin\jgoodies-forms-1.8.0.jar
Launcher Type: SUN_STANDARD

Environment Variables:
PATH=C:/Program Files/Java/jre1.8.0_144/bin/server;C:/Program Files/Java/jre1.8.0_144/bin;C:/Program Files/Java/jre1.8.0_144/lib/amd64;C:\ProgramData\Oracle\Java\javapath;C:\Program Files (x86)\Intel\iCLS Client\;C:\Program Files\Intel\iCLS Client\;C:\windows\system32;C:\windows;C:\windows\System32\Wbem;C:\windows\System32\WindowsPowerShell\v1.0\;C:\Program Files (x86)\NVIDIA Corporation\PhysX\Common;C:\Program Files (x86)\Intel\Intel(R) Management Engine Components\DAL;C:\Program Files\Intel\Intel(R) Management Engine Components\DAL;C:\Program Files (x86)\Intel\Intel(R) Management Engine Components\IPT;C:\Program Files\Intel\Intel(R) Management Engine Components\IPT;C:\Program Files\Samsung\SamsungLink\AllShare Framework DMS\bin\;C:\WINDOWS\system32;C:\WINDOWS;C:\WINDOWS\System32\Wbem;C:\WINDOWS\System32\WindowsPowerShell\v1.0\;C:\php;C:\Program Files\Git\cmd;C:\Users\jorge\AppData\Local\Microsoft\WindowsApps;C:\MinGW\bin;;C:\WINDOWS\System32;
USERNAME=jorge
OS=Windows_NT
PROCESSOR_IDENTIFIER=Intel64 Family 6 Model 61 Stepping 4, GenuineIntel



---------------  S Y S T E M  ---------------

OS: Windows 10.0 , 64 bit Build 16299 (10.0.16299.15)

CPU:total 4 (initial active 4) (2 cores per cpu, 2 threads per core) family 6 model 61 stepping 4, cmov, cx8, fxsr, mmx, sse, sse2, sse3, ssse3, sse4.1, sse4.2, popcnt, avx, avx2, aes, clmul, erms, 3dnowpref, lzcnt, ht, tsc, tscinvbit, bmi1, bmi2, adx

Memory: 4k page, physical 8284900k(1608528k free), swap 33450724k(0k free)

vm_info: Java HotSpot(TM) 64-Bit Server VM (25.144-b01) for windows-amd64 JRE (1.8.0_144-b01), built on Jul 21 2017 21:57:33 by "java_re" with MS VC++ 10.0 (VS2010)

time: Tue Jan 23 18:30:01 2018
elapsed time: 2276 seconds (0d 0h 37m 56s)

